<?xml version="1.0" encoding="UTF-8"?>
<!-- Generated by org.testng.reporters.JUnitXMLReporter -->
<testsuite hostname="DESKTOP-U1DAVFE" ignored="5" name="Test6" tests="3" failures="0" timestamp="30 Jun 2020 19:34:22 GMT" time="0.02" errors="0">
  <testcase name="testCaseExp" time="0.001" classname="com.jyoti.Program6"/>
  <testcase name="testCaseForSubstraction" time="0.001" classname="com.jyoti.Program6"/>
  <testcase name="testCaseModulation" time="0.002" classname="com.jyoti.Program6"/>
  <testcase name="teseCaseForNegate" time="0.0" classname="com.jyoti.Program6">
    <ignored/>
  </testcase> <!-- teseCaseForNegate -->
  <testcase name="testCaseForDivision" time="0.0" classname="com.jyoti.Program6">
    <ignored/>
  </testcase> <!-- testCaseForDivision -->
  <testcase name="testCaseForMultiplication" time="0.0" classname="com.jyoti.Program6">
    <ignored/>
  </testcase> <!-- testCaseForMultiplication -->
  <testcase name="testCaseForAddition" time="0.0" classname="com.jyoti.Program6">
    <ignored/>
  </testcase> <!-- testCaseForAddition -->
  <testcase name="teseCaseForInverse" time="0.0" classname="com.jyoti.Program6">
    <ignored/>
  </testcase> <!-- teseCaseForInverse -->
</testsuite> <!-- Test6 -->
