<?xml version="1.0" encoding="UTF-8"?>
<!-- Generated by org.testng.reporters.JUnitXMLReporter -->
<testsuite hostname="DESKTOP-U1DAVFE" ignored="0" name="Test" tests="8" failures="0" timestamp="30 Jun 2020 11:12:54 GMT" time="0.236" errors="0">
  <testcase name="arthmaticFunctions" time="0.01" classname="com.jyoti.Problem2"/>
  <testcase name="arthmaticFunctions" time="0.002" classname="com.jyoti.Problem2"/>
  <testcase name="division" time="0.005" classname="com.jyoti.Problem2"/>
  <testcase name="division" time="0.003" classname="com.jyoti.Problem2"/>
  <testcase name="multiplication" time="0.002" classname="com.jyoti.Problem2"/>
  <testcase name="multiplication" time="0.002" classname="com.jyoti.Problem2"/>
  <testcase name="substraction" time="0.003" classname="com.jyoti.Problem2"/>
  <testcase name="substraction" time="0.005" classname="com.jyoti.Problem2"/>
</testsuite> <!-- Test -->
