<?xml version="1.0" encoding="UTF-8"?>
<!-- Generated by org.testng.reporters.JUnitXMLReporter -->
<testsuite hostname="DESKTOP-U1DAVFE" ignored="0" name="Test2" tests="14" failures="0" timestamp="30 Jun 2020 19:34:22 GMT" time="0.076" errors="0">
  <testcase name="addition" time="0.002" classname="com.jyoti.Problem2"/>
  <testcase name="addition" time="0.002" classname="com.jyoti.Problem2"/>
  <testcase name="division" time="0.002" classname="com.jyoti.Problem2"/>
  <testcase name="division" time="0.002" classname="com.jyoti.Problem2"/>
  <testcase name="multiplication" time="0.001" classname="com.jyoti.Problem2"/>
  <testcase name="multiplication" time="0.001" classname="com.jyoti.Problem2"/>
  <testcase name="substraction" time="0.008" classname="com.jyoti.Problem2"/>
  <testcase name="substraction" time="0.001" classname="com.jyoti.Problem2"/>
  <testcase name="teseCaseForInverse" time="0.001" classname="com.jyoti.Problem2"/>
  <testcase name="teseCaseForNegate" time="0.002" classname="com.jyoti.Problem2"/>
  <testcase name="testCaseExp" time="0.002" classname="com.jyoti.Problem2"/>
  <testcase name="testCaseExp" time="0.002" classname="com.jyoti.Problem2"/>
  <testcase name="testCaseModulation" time="0.001" classname="com.jyoti.Problem2"/>
  <testcase name="testCaseModulation" time="0.002" classname="com.jyoti.Problem2"/>
</testsuite> <!-- Test2 -->
