<?xml version="1.0" encoding="UTF-8"?>
<!-- Generated by org.testng.reporters.JUnitXMLReporter -->
<testsuite hostname="DESKTOP-U1DAVFE" ignored="0" name="Test1" tests="8" failures="0" timestamp="30 Jun 2020 19:34:22 GMT" time="0.113" errors="0">
  <testcase name="teseCaseForInverse" time="0.032" classname="com.jyoti.Problem1"/>
  <testcase name="teseCaseForNegate" time="0.005" classname="com.jyoti.Problem1"/>
  <testcase name="testCaseExp" time="0.002" classname="com.jyoti.Problem1"/>
  <testcase name="testCaseForAddition" time="0.002" classname="com.jyoti.Problem1"/>
  <testcase name="testCaseForDivision" time="0.002" classname="com.jyoti.Problem1"/>
  <testcase name="testCaseForMultiplication" time="0.002" classname="com.jyoti.Problem1"/>
  <testcase name="testCaseForSubstraction" time="0.004" classname="com.jyoti.Problem1"/>
  <testcase name="testCaseModulation" time="0.001" classname="com.jyoti.Problem1"/>
</testsuite> <!-- Test1 -->
