<?xml version="1.0" encoding="UTF-8"?>
<!-- Generated by org.testng.reporters.JUnitXMLReporter -->
<testsuite hostname="DESKTOP-U1DAVFE" ignored="0" name="Test5" tests="8" failures="0" timestamp="30 Jun 2020 19:34:22 GMT" time="0.048" errors="0">
  <testcase name="teseCaseForInverse" time="0.002" classname="com.jyoti.Problem5"/>
  <testcase name="teseCaseForNegate" time="0.007" classname="com.jyoti.Problem5"/>
  <testcase name="testCaseExp" time="0.001" classname="com.jyoti.Problem5"/>
  <testcase name="testCaseForAddition" time="0.001" classname="com.jyoti.Problem5"/>
  <testcase name="testCaseForDivision" time="0.001" classname="com.jyoti.Problem5"/>
  <testcase name="testCaseForMultiplication" time="0.001" classname="com.jyoti.Problem5"/>
  <testcase name="testCaseForSubstraction" time="0.001" classname="com.jyoti.Problem5"/>
  <testcase name="testCaseModulation" time="0.002" classname="com.jyoti.Problem5"/>
</testsuite> <!-- Test5 -->
