<?xml version="1.0" encoding="UTF-8"?>
<!-- Generated by org.testng.reporters.JUnitXMLReporter -->
<testsuite hostname="DESKTOP-U1DAVFE" ignored="0" name="Test4" tests="6" failures="0" timestamp="30 Jun 2020 19:34:22 GMT" time="0.041" errors="0">
  <testcase name="testCaseForAddition" time="0.002" classname="com.jyoti.Program4ParrallelEx1"/>
  <testcase name="testCaseForAddition" time="0.003" classname="com.jyoti.Program4ParrallelEx2"/>
  <testcase name="testCaseForMultiplication" time="0.003" classname="com.jyoti.Program4ParrallelEx1"/>
  <testcase name="testCaseForSubstraction" time="0.001" classname="com.jyoti.Program4ParrallelEx1"/>
  <testcase name="testCaseForMultiplication" time="0.003" classname="com.jyoti.Program4ParrallelEx2"/>
  <testcase name="testCaseForSubstraction" time="0.003" classname="com.jyoti.Program4ParrallelEx2"/>
</testsuite> <!-- Test4 -->
